2017-04-18 12:28:32 ERROR TestContextManager - Caught exception while allowing TestExecutionListener [org.springframework.test.context.support.DependencyInjectionTestExecutionListener@3567135c] to prepare test instance [co.edu.udea.spring.dao.impl.ClienteBLTest@5cc7c2a6]
org.springframework.beans.factory.BeanCreationException: Error creating bean with name 'co.edu.udea.spring.dao.impl.ClienteBLTest': Injection of autowired dependencies failed; nested exception is org.springframework.beans.factory.BeanCreationException: Could not autowire field: co.edu.udea.spring.bl.ClienteBL co.edu.udea.spring.dao.impl.ClienteBLTest.clienteBL; nested exception is org.springframework.beans.factory.NoSuchBeanDefinitionException: No qualifying bean of type [co.edu.udea.spring.bl.ClienteBL] found for dependency: expected at least 1 bean which qualifies as autowire candidate for this dependency. Dependency annotations: {@org.springframework.beans.factory.annotation.Autowired(required=true)}
	at org.springframework.beans.factory.annotation.AutowiredAnnotationBeanPostProcessor.postProcessPropertyValues(AutowiredAnnotationBeanPostProcessor.java:334)
	at org.springframework.beans.factory.support.AbstractAutowireCapableBeanFactory.populateBean(AbstractAutowireCapableBeanFactory.java:1210)
	at org.springframework.beans.factory.support.AbstractAutowireCapableBeanFactory.autowireBeanProperties(AbstractAutowireCapableBeanFactory.java:385)
	at org.springframework.test.context.support.DependencyInjectionTestExecutionListener.injectDependencies(DependencyInjectionTestExecutionListener.java:118)
	at org.springframework.test.context.support.DependencyInjectionTestExecutionListener.prepareTestInstance(DependencyInjectionTestExecutionListener.java:83)
	at org.springframework.test.context.TestContextManager.prepareTestInstance(TestContextManager.java:212)
	at org.springframework.test.context.junit4.SpringJUnit4ClassRunner.createTest(SpringJUnit4ClassRunner.java:200)
	at org.springframework.test.context.junit4.SpringJUnit4ClassRunner$1.runReflectiveCall(SpringJUnit4ClassRunner.java:259)
	at org.junit.internal.runners.model.ReflectiveCallable.run(ReflectiveCallable.java:12)
	at org.springframework.test.context.junit4.SpringJUnit4ClassRunner.methodBlock(SpringJUnit4ClassRunner.java:261)
	at org.springframework.test.context.junit4.SpringJUnit4ClassRunner.runChild(SpringJUnit4ClassRunner.java:219)
	at org.springframework.test.context.junit4.SpringJUnit4ClassRunner.runChild(SpringJUnit4ClassRunner.java:83)
	at org.junit.runners.ParentRunner$3.run(ParentRunner.java:290)
	at org.junit.runners.ParentRunner$1.schedule(ParentRunner.java:71)
	at org.junit.runners.ParentRunner.runChildren(ParentRunner.java:288)
	at org.junit.runners.ParentRunner.access$000(ParentRunner.java:58)
	at org.junit.runners.ParentRunner$2.evaluate(ParentRunner.java:268)
	at org.springframework.test.context.junit4.statements.RunBeforeTestClassCallbacks.evaluate(RunBeforeTestClassCallbacks.java:61)
	at org.springframework.test.context.junit4.statements.RunAfterTestClassCallbacks.evaluate(RunAfterTestClassCallbacks.java:68)
	at org.junit.runners.ParentRunner.run(ParentRunner.java:363)
	at org.springframework.test.context.junit4.SpringJUnit4ClassRunner.run(SpringJUnit4ClassRunner.java:163)
	at org.eclipse.jdt.internal.junit4.runner.JUnit4TestReference.run(JUnit4TestReference.java:86)
	at org.eclipse.jdt.internal.junit.runner.TestExecution.run(TestExecution.java:38)
	at org.eclipse.jdt.internal.junit.runner.RemoteTestRunner.runTests(RemoteTestRunner.java:459)
	at org.eclipse.jdt.internal.junit.runner.RemoteTestRunner.runTests(RemoteTestRunner.java:678)
	at org.eclipse.jdt.internal.junit.runner.RemoteTestRunner.run(RemoteTestRunner.java:382)
	at org.eclipse.jdt.internal.junit.runner.RemoteTestRunner.main(RemoteTestRunner.java:192)
Caused by: org.springframework.beans.factory.BeanCreationException: Could not autowire field: co.edu.udea.spring.bl.ClienteBL co.edu.udea.spring.dao.impl.ClienteBLTest.clienteBL; nested exception is org.springframework.beans.factory.NoSuchBeanDefinitionException: No qualifying bean of type [co.edu.udea.spring.bl.ClienteBL] found for dependency: expected at least 1 bean which qualifies as autowire candidate for this dependency. Dependency annotations: {@org.springframework.beans.factory.annotation.Autowired(required=true)}
	at org.springframework.beans.factory.annotation.AutowiredAnnotationBeanPostProcessor$AutowiredFieldElement.inject(AutowiredAnnotationBeanPostProcessor.java:561)
	at org.springframework.beans.factory.annotation.InjectionMetadata.inject(InjectionMetadata.java:88)
	at org.springframework.beans.factory.annotation.AutowiredAnnotationBeanPostProcessor.postProcessPropertyValues(AutowiredAnnotationBeanPostProcessor.java:331)
	... 26 more
Caused by: org.springframework.beans.factory.NoSuchBeanDefinitionException: No qualifying bean of type [co.edu.udea.spring.bl.ClienteBL] found for dependency: expected at least 1 bean which qualifies as autowire candidate for this dependency. Dependency annotations: {@org.springframework.beans.factory.annotation.Autowired(required=true)}
	at org.springframework.beans.factory.support.DefaultListableBeanFactory.raiseNoSuchBeanDefinitionException(DefaultListableBeanFactory.java:1301)
	at org.springframework.beans.factory.support.DefaultListableBeanFactory.doResolveDependency(DefaultListableBeanFactory.java:1047)
	at org.springframework.beans.factory.support.DefaultListableBeanFactory.resolveDependency(DefaultListableBeanFactory.java:942)
	at org.springframework.beans.factory.annotation.AutowiredAnnotationBeanPostProcessor$AutowiredFieldElement.inject(AutowiredAnnotationBeanPostProcessor.java:533)
	... 28 more
2017-04-27 12:52:30 ERROR MyException - Usuario o contraseña incorrecta
2017-04-27 13:38:55 ERROR JDBCExceptionReporter - Value '0000-00-00' can not be represented as java.sql.Timestamp
2017-04-27 13:38:55 ERROR MyException - Error consultando cliente
org.hibernate.exception.GenericJDBCException: could not execute query
	at org.hibernate.exception.SQLStateConverter.handledNonSpecificException(SQLStateConverter.java:140)
	at org.hibernate.exception.SQLStateConverter.convert(SQLStateConverter.java:128)
	at org.hibernate.exception.JDBCExceptionHelper.convert(JDBCExceptionHelper.java:66)
	at org.hibernate.loader.Loader.doList(Loader.java:2545)
	at org.hibernate.loader.Loader.listIgnoreQueryCache(Loader.java:2276)
	at org.hibernate.loader.Loader.list(Loader.java:2271)
	at org.hibernate.loader.criteria.CriteriaLoader.list(CriteriaLoader.java:119)
	at org.hibernate.impl.SessionImpl.list(SessionImpl.java:1716)
	at org.hibernate.impl.CriteriaImpl.list(CriteriaImpl.java:347)
	at co.edu.udea.spring.dao.ClienteDAOImpl.obtener(ClienteDAOImpl.java:48)
	at co.edu.udea.spring.dao.impl.ClienteDAOImplTest.testObtener(ClienteDAOImplTest.java:56)
	at sun.reflect.NativeMethodAccessorImpl.invoke0(Native Method)
	at sun.reflect.NativeMethodAccessorImpl.invoke(NativeMethodAccessorImpl.java:62)
	at sun.reflect.DelegatingMethodAccessorImpl.invoke(DelegatingMethodAccessorImpl.java:43)
	at java.lang.reflect.Method.invoke(Method.java:498)
	at org.junit.runners.model.FrameworkMethod$1.runReflectiveCall(FrameworkMethod.java:50)
	at org.junit.internal.runners.model.ReflectiveCallable.run(ReflectiveCallable.java:12)
	at org.junit.runners.model.FrameworkMethod.invokeExplosively(FrameworkMethod.java:47)
	at org.junit.internal.runners.statements.InvokeMethod.evaluate(InvokeMethod.java:17)
	at org.springframework.test.context.junit4.statements.RunBeforeTestMethodCallbacks.evaluate(RunBeforeTestMethodCallbacks.java:73)
	at org.springframework.test.context.junit4.statements.RunAfterTestMethodCallbacks.evaluate(RunAfterTestMethodCallbacks.java:82)
	at org.springframework.test.context.junit4.statements.SpringRepeat.evaluate(SpringRepeat.java:73)
	at org.junit.runners.ParentRunner.runLeaf(ParentRunner.java:325)
	at org.springframework.test.context.junit4.SpringJUnit4ClassRunner.runChild(SpringJUnit4ClassRunner.java:224)
	at org.springframework.test.context.junit4.SpringJUnit4ClassRunner.runChild(SpringJUnit4ClassRunner.java:83)
	at org.junit.runners.ParentRunner$3.run(ParentRunner.java:290)
	at org.junit.runners.ParentRunner$1.schedule(ParentRunner.java:71)
	at org.junit.runners.ParentRunner.runChildren(ParentRunner.java:288)
	at org.junit.runners.ParentRunner.access$000(ParentRunner.java:58)
	at org.junit.runners.ParentRunner$2.evaluate(ParentRunner.java:268)
	at org.springframework.test.context.junit4.statements.RunBeforeTestClassCallbacks.evaluate(RunBeforeTestClassCallbacks.java:61)
	at org.springframework.test.context.junit4.statements.RunAfterTestClassCallbacks.evaluate(RunAfterTestClassCallbacks.java:68)
	at org.junit.runners.ParentRunner.run(ParentRunner.java:363)
	at org.springframework.test.context.junit4.SpringJUnit4ClassRunner.run(SpringJUnit4ClassRunner.java:163)
	at org.eclipse.jdt.internal.junit4.runner.JUnit4TestReference.run(JUnit4TestReference.java:86)
	at org.eclipse.jdt.internal.junit.runner.TestExecution.run(TestExecution.java:38)
	at org.eclipse.jdt.internal.junit.runner.RemoteTestRunner.runTests(RemoteTestRunner.java:459)
	at org.eclipse.jdt.internal.junit.runner.RemoteTestRunner.runTests(RemoteTestRunner.java:678)
	at org.eclipse.jdt.internal.junit.runner.RemoteTestRunner.run(RemoteTestRunner.java:382)
	at org.eclipse.jdt.internal.junit.runner.RemoteTestRunner.main(RemoteTestRunner.java:192)
Caused by: java.sql.SQLException: Value '0000-00-00' can not be represented as java.sql.Timestamp
	at com.mysql.jdbc.SQLError.createSQLException(SQLError.java:1074)
	at com.mysql.jdbc.SQLError.createSQLException(SQLError.java:988)
	at com.mysql.jdbc.SQLError.createSQLException(SQLError.java:974)
	at com.mysql.jdbc.SQLError.createSQLException(SQLError.java:919)
	at com.mysql.jdbc.ResultSetRow.getTimestampFast(ResultSetRow.java:1061)
	at com.mysql.jdbc.ByteArrayRow.getTimestampFast(ByteArrayRow.java:127)
	at com.mysql.jdbc.ResultSetImpl.getTimestampInternal(ResultSetImpl.java:6591)
	at com.mysql.jdbc.ResultSetImpl.getTimestamp(ResultSetImpl.java:6191)
	at com.mysql.jdbc.ResultSetImpl.getTimestamp(ResultSetImpl.java:6229)
	at org.hibernate.type.descriptor.sql.TimestampTypeDescriptor$2.doExtract(TimestampTypeDescriptor.java:62)
	at org.hibernate.type.descriptor.sql.BasicExtractor.extract(BasicExtractor.java:64)
	at org.hibernate.type.AbstractStandardBasicType.nullSafeGet(AbstractStandardBasicType.java:254)
	at org.hibernate.type.AbstractStandardBasicType.nullSafeGet(AbstractStandardBasicType.java:250)
	at org.hibernate.type.AbstractStandardBasicType.nullSafeGet(AbstractStandardBasicType.java:230)
	at org.hibernate.type.AbstractStandardBasicType.hydrate(AbstractStandardBasicType.java:331)
	at org.hibernate.persister.entity.AbstractEntityPersister.hydrate(AbstractEntityPersister.java:2283)
	at org.hibernate.loader.Loader.loadFromResultSet(Loader.java:1527)
	at org.hibernate.loader.Loader.instanceNotYetLoaded(Loader.java:1455)
	at org.hibernate.loader.Loader.getRow(Loader.java:1355)
	at org.hibernate.loader.Loader.getRowFromResultSet(Loader.java:611)
	at org.hibernate.loader.Loader.doQuery(Loader.java:829)
	at org.hibernate.loader.Loader.doQueryAndInitializeNonLazyCollections(Loader.java:274)
	at org.hibernate.loader.Loader.doList(Loader.java:2542)
	... 36 more
2017-04-27 13:38:55 ERROR MyException - Error consultando: Error consultando cliente
2017-04-27 13:40:16 ERROR JDBCExceptionReporter - Value '0000-00-00' can not be represented as java.sql.Timestamp
2017-04-27 13:40:16 ERROR MyException - Error consultando cliente
org.hibernate.exception.GenericJDBCException: could not execute query
	at org.hibernate.exception.SQLStateConverter.handledNonSpecificException(SQLStateConverter.java:140)
	at org.hibernate.exception.SQLStateConverter.convert(SQLStateConverter.java:128)
	at org.hibernate.exception.JDBCExceptionHelper.convert(JDBCExceptionHelper.java:66)
	at org.hibernate.loader.Loader.doList(Loader.java:2545)
	at org.hibernate.loader.Loader.listIgnoreQueryCache(Loader.java:2276)
	at org.hibernate.loader.Loader.list(Loader.java:2271)
	at org.hibernate.loader.criteria.CriteriaLoader.list(CriteriaLoader.java:119)
	at org.hibernate.impl.SessionImpl.list(SessionImpl.java:1716)
	at org.hibernate.impl.CriteriaImpl.list(CriteriaImpl.java:347)
	at co.edu.udea.spring.dao.ClienteDAOImpl.obtener(ClienteDAOImpl.java:48)
	at co.edu.udea.spring.dao.impl.ClienteDAOImplTest.testObtener(ClienteDAOImplTest.java:56)
	at sun.reflect.NativeMethodAccessorImpl.invoke0(Native Method)
	at sun.reflect.NativeMethodAccessorImpl.invoke(NativeMethodAccessorImpl.java:62)
	at sun.reflect.DelegatingMethodAccessorImpl.invoke(DelegatingMethodAccessorImpl.java:43)
	at java.lang.reflect.Method.invoke(Method.java:498)
	at org.junit.runners.model.FrameworkMethod$1.runReflectiveCall(FrameworkMethod.java:50)
	at org.junit.internal.runners.model.ReflectiveCallable.run(ReflectiveCallable.java:12)
	at org.junit.runners.model.FrameworkMethod.invokeExplosively(FrameworkMethod.java:47)
	at org.junit.internal.runners.statements.InvokeMethod.evaluate(InvokeMethod.java:17)
	at org.springframework.test.context.junit4.statements.RunBeforeTestMethodCallbacks.evaluate(RunBeforeTestMethodCallbacks.java:73)
	at org.springframework.test.context.junit4.statements.RunAfterTestMethodCallbacks.evaluate(RunAfterTestMethodCallbacks.java:82)
	at org.springframework.test.context.junit4.statements.SpringRepeat.evaluate(SpringRepeat.java:73)
	at org.junit.runners.ParentRunner.runLeaf(ParentRunner.java:325)
	at org.springframework.test.context.junit4.SpringJUnit4ClassRunner.runChild(SpringJUnit4ClassRunner.java:224)
	at org.springframework.test.context.junit4.SpringJUnit4ClassRunner.runChild(SpringJUnit4ClassRunner.java:83)
	at org.junit.runners.ParentRunner$3.run(ParentRunner.java:290)
	at org.junit.runners.ParentRunner$1.schedule(ParentRunner.java:71)
	at org.junit.runners.ParentRunner.runChildren(ParentRunner.java:288)
	at org.junit.runners.ParentRunner.access$000(ParentRunner.java:58)
	at org.junit.runners.ParentRunner$2.evaluate(ParentRunner.java:268)
	at org.springframework.test.context.junit4.statements.RunBeforeTestClassCallbacks.evaluate(RunBeforeTestClassCallbacks.java:61)
	at org.springframework.test.context.junit4.statements.RunAfterTestClassCallbacks.evaluate(RunAfterTestClassCallbacks.java:68)
	at org.junit.runners.ParentRunner.run(ParentRunner.java:363)
	at org.springframework.test.context.junit4.SpringJUnit4ClassRunner.run(SpringJUnit4ClassRunner.java:163)
	at org.eclipse.jdt.internal.junit4.runner.JUnit4TestReference.run(JUnit4TestReference.java:86)
	at org.eclipse.jdt.internal.junit.runner.TestExecution.run(TestExecution.java:38)
	at org.eclipse.jdt.internal.junit.runner.RemoteTestRunner.runTests(RemoteTestRunner.java:459)
	at org.eclipse.jdt.internal.junit.runner.RemoteTestRunner.runTests(RemoteTestRunner.java:678)
	at org.eclipse.jdt.internal.junit.runner.RemoteTestRunner.run(RemoteTestRunner.java:382)
	at org.eclipse.jdt.internal.junit.runner.RemoteTestRunner.main(RemoteTestRunner.java:192)
Caused by: java.sql.SQLException: Value '0000-00-00' can not be represented as java.sql.Timestamp
	at com.mysql.jdbc.SQLError.createSQLException(SQLError.java:1074)
	at com.mysql.jdbc.SQLError.createSQLException(SQLError.java:988)
	at com.mysql.jdbc.SQLError.createSQLException(SQLError.java:974)
	at com.mysql.jdbc.SQLError.createSQLException(SQLError.java:919)
	at com.mysql.jdbc.ResultSetRow.getTimestampFast(ResultSetRow.java:1061)
	at com.mysql.jdbc.ByteArrayRow.getTimestampFast(ByteArrayRow.java:127)
	at com.mysql.jdbc.ResultSetImpl.getTimestampInternal(ResultSetImpl.java:6591)
	at com.mysql.jdbc.ResultSetImpl.getTimestamp(ResultSetImpl.java:6191)
	at com.mysql.jdbc.ResultSetImpl.getTimestamp(ResultSetImpl.java:6229)
	at org.hibernate.type.descriptor.sql.TimestampTypeDescriptor$2.doExtract(TimestampTypeDescriptor.java:62)
	at org.hibernate.type.descriptor.sql.BasicExtractor.extract(BasicExtractor.java:64)
	at org.hibernate.type.AbstractStandardBasicType.nullSafeGet(AbstractStandardBasicType.java:254)
	at org.hibernate.type.AbstractStandardBasicType.nullSafeGet(AbstractStandardBasicType.java:250)
	at org.hibernate.type.AbstractStandardBasicType.nullSafeGet(AbstractStandardBasicType.java:230)
	at org.hibernate.type.AbstractStandardBasicType.hydrate(AbstractStandardBasicType.java:331)
	at org.hibernate.persister.entity.AbstractEntityPersister.hydrate(AbstractEntityPersister.java:2283)
	at org.hibernate.loader.Loader.loadFromResultSet(Loader.java:1527)
	at org.hibernate.loader.Loader.instanceNotYetLoaded(Loader.java:1455)
	at org.hibernate.loader.Loader.getRow(Loader.java:1355)
	at org.hibernate.loader.Loader.getRowFromResultSet(Loader.java:611)
	at org.hibernate.loader.Loader.doQuery(Loader.java:829)
	at org.hibernate.loader.Loader.doQueryAndInitializeNonLazyCollections(Loader.java:274)
	at org.hibernate.loader.Loader.doList(Loader.java:2542)
	... 36 more
2017-04-27 13:40:16 ERROR MyException - Error consultando: Error consultando cliente
